<?xml version="1.0" encoding="UTF-8"?>
<testng-results skipped="0" failed="2" ignored="6" total="9" passed="1">
  <reporter-output>
  </reporter-output>
  <suite name="Inventory" duration-ms="83057" started-at="2018-11-15T06:51:36Z" finished-at="2018-11-15T06:52:59Z">
    <groups>
    </groups>
    <test name="Itemsmastertest" duration-ms="83057" started-at="2018-11-15T06:51:36Z" finished-at="2018-11-15T06:52:59Z">
      <class name="com.pellu.invent.item.Itemmastertest">
        <test-method status="PASS" signature="invenlogin(java.lang.String, java.lang.String)[pri:1, instance:com.pellu.invent.item.Itemmastertest@5442a311]" name="invenlogin" duration-ms="201" started-at="2018-11-15T12:21:36Z" finished-at="2018-11-15T12:21:36Z">
          <params>
            <param index="0">
              <value>
                <![CDATA[minv@hos.in]]>
              </value>
            </param>
            <param index="1">
              <value>
                <![CDATA[password]]>
              </value>
            </param>
          </params>
          <reporter-output>
          </reporter-output>
        </test-method> <!-- invenlogin -->
        <test-method status="PASS" signature="teardown()[pri:0, instance:com.pellu.invent.item.Itemmastertest@5442a311]" name="teardown" is-config="true" duration-ms="207" started-at="2018-11-15T12:21:36Z" finished-at="2018-11-15T12:21:36Z">
          <reporter-output>
          </reporter-output>
        </test-method> <!-- teardown -->
        <test-method status="FAIL" signature="frameitem(java.util.HashMap)[pri:2, instance:com.pellu.invent.item.Itemmastertest@5442a311]" name="frameitem" duration-ms="29495" started-at="2018-11-15T12:21:37Z" data-provider="frameinfo" finished-at="2018-11-15T12:22:06Z">
          <params>
            <param index="0">
              <value>
                <![CDATA[{Form=Drops, SubItem=COOL,IOL,SEMI,SPECT,SUN,FRAME, Is Schedule H Drug=Yes, Conversion Unit=12, Has Components=Yes, Name=Veera, FRAME BRAND=DKNY, Print Name=Veerapathiran, Preferred Supplier=TAILANBAN SUPPLIER, Is Narcotic=Yes, Pricing Mode=Fixed Rate, Batch Entry Mode=Optional, Charge Category=Consumable, PO/GR Process=Yes, SubUnit=Pack,Carton,Bottle,Strip,Bottle,Strip, Buying Unit=Pack, Is OTC=Yes, FRAME SIZE=KIDS (6-10), SubQuantity=5,6,2,4,5,6, Reorder Level=10, HSN=SDV123, Default Purchase Qty=34, FRAME METAL=PLASTIC, FRAME SHAPE=BUTTERFLY, Quantity=10, Code=ADF001, Item info=Frame, Selling Unit=Pack, Expiry Format=dd/mm/yyyy, Has Attributes=Yes, FRAME TYPE=RIMLESS, Expiry Date=No}]]>
              </value>
            </param>
          </params>
          <exception class="org.openqa.selenium.WebDriverException">
            <message>
              <![CDATA[unknown error: Element <input type="text" id="ddl_MultiSupplier" readonly="readonly" class="form-control" onkeyup="GetSearchSupplierNames()" placeholder="Select" autocomplete="off" style="padding-left: 11px;margin-bottom: 1%;margin-left: -1%;"> is not clickable at point (842, 389). Other element would receive the click: <div class="modal-footer">...</div>
  (Session info: chrome=70.0.3538.102)
  (Driver info: chromedriver=2.40.565498 (ea082db3280dd6843ebfb08a625e3eb905c4f5ab),platform=Windows NT 10.0.17134 x86_64) (WARNING: The server did not provide any stacktrace information)
Command duration or timeout: 54 milliseconds
Build info: version: '3.4.0', revision: 'unknown', time: 'unknown'
System info: host: 'DESKTOP-KPGOHHF', ip: '192.168.195.1', os.name: 'Windows 10', os.arch: 'amd64', os.version: '10.0', java.version: '1.8.0_144'
Driver info: org.openqa.selenium.chrome.ChromeDriver
Capabilities [{applicationCacheEnabled=false, rotatable=false, mobileEmulationEnabled=false, networkConnectionEnabled=false, chrome={chromedriverVersion=2.40.565498 (ea082db3280dd6843ebfb08a625e3eb905c4f5ab), userDataDir=C:\Users\VEERAP~1\AppData\Local\Temp\scoped_dir208_19832}, takesHeapSnapshot=true, pageLoadStrategy=normal, databaseEnabled=false, handlesAlerts=true, hasTouchScreen=false, version=70.0.3538.102, platform=XP, browserConnectionEnabled=false, nativeEvents=true, acceptSslCerts=false, acceptInsecureCerts=false, locationContextEnabled=true, webStorageEnabled=true, browserName=chrome, takesScreenshot=true, javascriptEnabled=true, cssSelectorsEnabled=true, setWindowRect=true, unexpectedAlertBehaviour=}]
Session ID: f931a9769cf2bb3538b9f138d3c41d3e]]>
            </message>
            <full-stacktrace>
              <![CDATA[org.openqa.selenium.WebDriverException: unknown error: Element <input type="text" id="ddl_MultiSupplier" readonly="readonly" class="form-control" onkeyup="GetSearchSupplierNames()" placeholder="Select" autocomplete="off" style="padding-left: 11px;margin-bottom: 1%;margin-left: -1%;"> is not clickable at point (842, 389). Other element would receive the click: <div class="modal-footer">...</div>
  (Session info: chrome=70.0.3538.102)
  (Driver info: chromedriver=2.40.565498 (ea082db3280dd6843ebfb08a625e3eb905c4f5ab),platform=Windows NT 10.0.17134 x86_64) (WARNING: The server did not provide any stacktrace information)
Command duration or timeout: 54 milliseconds
Build info: version: '3.4.0', revision: 'unknown', time: 'unknown'
System info: host: 'DESKTOP-KPGOHHF', ip: '192.168.195.1', os.name: 'Windows 10', os.arch: 'amd64', os.version: '10.0', java.version: '1.8.0_144'
Driver info: org.openqa.selenium.chrome.ChromeDriver
Capabilities [{applicationCacheEnabled=false, rotatable=false, mobileEmulationEnabled=false, networkConnectionEnabled=false, chrome={chromedriverVersion=2.40.565498 (ea082db3280dd6843ebfb08a625e3eb905c4f5ab), userDataDir=C:\Users\VEERAP~1\AppData\Local\Temp\scoped_dir208_19832}, takesHeapSnapshot=true, pageLoadStrategy=normal, databaseEnabled=false, handlesAlerts=true, hasTouchScreen=false, version=70.0.3538.102, platform=XP, browserConnectionEnabled=false, nativeEvents=true, acceptSslCerts=false, acceptInsecureCerts=false, locationContextEnabled=true, webStorageEnabled=true, browserName=chrome, takesScreenshot=true, javascriptEnabled=true, cssSelectorsEnabled=true, setWindowRect=true, unexpectedAlertBehaviour=}]
Session ID: f931a9769cf2bb3538b9f138d3c41d3e
	at sun.reflect.NativeConstructorAccessorImpl.newInstance0(Native Method)
	at sun.reflect.NativeConstructorAccessorImpl.newInstance(NativeConstructorAccessorImpl.java:62)
	at sun.reflect.DelegatingConstructorAccessorImpl.newInstance(DelegatingConstructorAccessorImpl.java:45)
	at java.lang.reflect.Constructor.newInstance(Constructor.java:423)
	at org.openqa.selenium.remote.ErrorHandler.createThrowable(ErrorHandler.java:215)
	at org.openqa.selenium.remote.ErrorHandler.throwIfResponseFailed(ErrorHandler.java:167)
	at org.openqa.selenium.remote.RemoteWebDriver.execute(RemoteWebDriver.java:671)
	at org.openqa.selenium.remote.RemoteWebElement.execute(RemoteWebElement.java:272)
	at org.openqa.selenium.remote.RemoteWebElement.click(RemoteWebElement.java:82)
	at com.pellu.invent.itempage.Itemmastertestpage.additem_general_prefersupplier(Itemmastertestpage.java:125)
	at com.pellu.invent.item.Itemmastertest.Itemmastercommon(Itemmastertest.java:190)
	at com.pellu.invent.item.Itemmastertest.frameitem(Itemmastertest.java:29)
	at sun.reflect.NativeMethodAccessorImpl.invoke0(Native Method)
	at sun.reflect.NativeMethodAccessorImpl.invoke(NativeMethodAccessorImpl.java:62)
	at sun.reflect.DelegatingMethodAccessorImpl.invoke(DelegatingMethodAccessorImpl.java:43)
	at java.lang.reflect.Method.invoke(Method.java:498)
	at org.testng.internal.MethodInvocationHelper.invokeMethod(MethodInvocationHelper.java:104)
	at org.testng.internal.Invoker.invokeMethod(Invoker.java:645)
	at org.testng.internal.Invoker.invokeTestMethod(Invoker.java:851)
	at org.testng.internal.Invoker.invokeTestMethods(Invoker.java:1177)
	at org.testng.internal.TestMethodWorker.invokeTestMethods(TestMethodWorker.java:129)
	at org.testng.internal.TestMethodWorker.run(TestMethodWorker.java:112)
	at org.testng.TestRunner.privateRun(TestRunner.java:756)
	at org.testng.TestRunner.run(TestRunner.java:610)
	at org.testng.SuiteRunner.runTest(SuiteRunner.java:387)
	at org.testng.SuiteRunner.runSequentially(SuiteRunner.java:382)
	at org.testng.SuiteRunner.privateRun(SuiteRunner.java:340)
	at org.testng.SuiteRunner.run(SuiteRunner.java:289)
	at org.testng.SuiteRunnerWorker.runSuite(SuiteRunnerWorker.java:52)
	at org.testng.SuiteRunnerWorker.run(SuiteRunnerWorker.java:86)
	at org.testng.TestNG.runSuitesSequentially(TestNG.java:1293)
	at org.testng.TestNG.runSuitesLocally(TestNG.java:1218)
	at org.testng.TestNG.runSuites(TestNG.java:1133)
	at org.testng.TestNG.run(TestNG.java:1104)
	at org.testng.remote.AbstractRemoteTestNG.run(AbstractRemoteTestNG.java:114)
	at org.testng.remote.RemoteTestNG.initAndRun(RemoteTestNG.java:251)
	at org.testng.remote.RemoteTestNG.main(RemoteTestNG.java:77)
]]>
            </full-stacktrace>
          </exception> <!-- org.openqa.selenium.WebDriverException -->
          <reporter-output>
          </reporter-output>
        </test-method> <!-- frameitem -->
        <test-method status="PASS" signature="teardown()[pri:0, instance:com.pellu.invent.item.Itemmastertest@5442a311]" name="teardown" is-config="true" duration-ms="57" started-at="2018-11-15T12:22:21Z" finished-at="2018-11-15T12:22:21Z">
          <reporter-output>
          </reporter-output>
        </test-method> <!-- teardown -->
        <test-method status="FAIL" signature="frameitem(java.util.HashMap)[pri:2, instance:com.pellu.invent.item.Itemmastertest@5442a311]" name="frameitem" duration-ms="17008" started-at="2018-11-15T12:22:21Z" data-provider="frameinfo" finished-at="2018-11-15T12:22:38Z">
          <params>
            <param index="0">
              <value>
                <![CDATA[{Form=Drops, SubItem=COOL,IOL,SEMI,SPECT,SUN,FRAME, Is Schedule H Drug=Yes, Conversion Unit=12, Has Components=Yes, Name=Veera, FRAME BRAND=DKNY, Print Name=Veerapathiran, Preferred Supplier=TAILANBAN SUPPLIER, Is Narcotic=Yes, Pricing Mode=Fixed Rate, Batch Entry Mode=Optional, Charge Category=Consumable, PO/GR Process=Yes, SubUnit=Pack,Carton,Bottle,Strip,Bottle,Strip, Buying Unit=Pack, Is OTC=Yes, FRAME SIZE=KIDS (6-10), SubQuantity=5,6,2,4,5,6, Reorder Level=10, HSN=SDV123, Default Purchase Qty=34, FRAME METAL=PLASTIC, FRAME SHAPE=BUTTERFLY, Quantity=10, Code=ADF002, Item info=Frame, Selling Unit=Pack, Expiry Format=dd/mm/yyyy, Has Attributes=Yes, FRAME TYPE=RIMLESS, Expiry Date=No}]]>
              </value>
            </param>
          </params>
          <exception class="org.openqa.selenium.WebDriverException">
            <message>
              <![CDATA[unknown error: Element <input type="text" id="Txt_WeightAge10" class="" onkeydown="return validatecontactno(event);"> is not clickable at point (934, 514). Other element would receive the click: <div class="modal fade in" id="basic" tabindex="-1" role="basic" aria-hidden="true" style="display: block;">...</div>
  (Session info: chrome=70.0.3538.102)
  (Driver info: chromedriver=2.40.565498 (ea082db3280dd6843ebfb08a625e3eb905c4f5ab),platform=Windows NT 10.0.17134 x86_64) (WARNING: The server did not provide any stacktrace information)
Command duration or timeout: 47 milliseconds
Build info: version: '3.4.0', revision: 'unknown', time: 'unknown'
System info: host: 'DESKTOP-KPGOHHF', ip: '192.168.195.1', os.name: 'Windows 10', os.arch: 'amd64', os.version: '10.0', java.version: '1.8.0_144'
Driver info: org.openqa.selenium.chrome.ChromeDriver
Capabilities [{applicationCacheEnabled=false, rotatable=false, mobileEmulationEnabled=false, networkConnectionEnabled=false, chrome={chromedriverVersion=2.40.565498 (ea082db3280dd6843ebfb08a625e3eb905c4f5ab), userDataDir=C:\Users\VEERAP~1\AppData\Local\Temp\scoped_dir12836_17801}, takesHeapSnapshot=true, pageLoadStrategy=normal, databaseEnabled=false, handlesAlerts=true, hasTouchScreen=false, version=70.0.3538.102, platform=XP, browserConnectionEnabled=false, nativeEvents=true, acceptSslCerts=false, acceptInsecureCerts=false, locationContextEnabled=true, webStorageEnabled=true, browserName=chrome, takesScreenshot=true, javascriptEnabled=true, cssSelectorsEnabled=true, setWindowRect=true, unexpectedAlertBehaviour=}]
Session ID: 32f1943e8ce28ad679df7c1f6013f93c]]>
            </message>
            <full-stacktrace>
              <![CDATA[org.openqa.selenium.WebDriverException: unknown error: Element <input type="text" id="Txt_WeightAge10" class="" onkeydown="return validatecontactno(event);"> is not clickable at point (934, 514). Other element would receive the click: <div class="modal fade in" id="basic" tabindex="-1" role="basic" aria-hidden="true" style="display: block;">...</div>
  (Session info: chrome=70.0.3538.102)
  (Driver info: chromedriver=2.40.565498 (ea082db3280dd6843ebfb08a625e3eb905c4f5ab),platform=Windows NT 10.0.17134 x86_64) (WARNING: The server did not provide any stacktrace information)
Command duration or timeout: 47 milliseconds
Build info: version: '3.4.0', revision: 'unknown', time: 'unknown'
System info: host: 'DESKTOP-KPGOHHF', ip: '192.168.195.1', os.name: 'Windows 10', os.arch: 'amd64', os.version: '10.0', java.version: '1.8.0_144'
Driver info: org.openqa.selenium.chrome.ChromeDriver
Capabilities [{applicationCacheEnabled=false, rotatable=false, mobileEmulationEnabled=false, networkConnectionEnabled=false, chrome={chromedriverVersion=2.40.565498 (ea082db3280dd6843ebfb08a625e3eb905c4f5ab), userDataDir=C:\Users\VEERAP~1\AppData\Local\Temp\scoped_dir12836_17801}, takesHeapSnapshot=true, pageLoadStrategy=normal, databaseEnabled=false, handlesAlerts=true, hasTouchScreen=false, version=70.0.3538.102, platform=XP, browserConnectionEnabled=false, nativeEvents=true, acceptSslCerts=false, acceptInsecureCerts=false, locationContextEnabled=true, webStorageEnabled=true, browserName=chrome, takesScreenshot=true, javascriptEnabled=true, cssSelectorsEnabled=true, setWindowRect=true, unexpectedAlertBehaviour=}]
Session ID: 32f1943e8ce28ad679df7c1f6013f93c
	at sun.reflect.NativeConstructorAccessorImpl.newInstance0(Native Method)
	at sun.reflect.NativeConstructorAccessorImpl.newInstance(NativeConstructorAccessorImpl.java:62)
	at sun.reflect.DelegatingConstructorAccessorImpl.newInstance(DelegatingConstructorAccessorImpl.java:45)
	at java.lang.reflect.Constructor.newInstance(Constructor.java:423)
	at org.openqa.selenium.remote.ErrorHandler.createThrowable(ErrorHandler.java:215)
	at org.openqa.selenium.remote.ErrorHandler.throwIfResponseFailed(ErrorHandler.java:167)
	at org.openqa.selenium.remote.RemoteWebDriver.execute(RemoteWebDriver.java:671)
	at org.openqa.selenium.remote.RemoteWebElement.execute(RemoteWebElement.java:272)
	at org.openqa.selenium.remote.RemoteWebElement.click(RemoteWebElement.java:82)
	at com.pellu.invent.itempage.Itemmastertestpage.additem_general_prefersupplier(Itemmastertestpage.java:133)
	at com.pellu.invent.item.Itemmastertest.Itemmastercommon(Itemmastertest.java:190)
	at com.pellu.invent.item.Itemmastertest.frameitem(Itemmastertest.java:29)
	at sun.reflect.NativeMethodAccessorImpl.invoke0(Native Method)
	at sun.reflect.NativeMethodAccessorImpl.invoke(NativeMethodAccessorImpl.java:62)
	at sun.reflect.DelegatingMethodAccessorImpl.invoke(DelegatingMethodAccessorImpl.java:43)
	at java.lang.reflect.Method.invoke(Method.java:498)
	at org.testng.internal.MethodInvocationHelper.invokeMethod(MethodInvocationHelper.java:104)
	at org.testng.internal.Invoker.invokeMethod(Invoker.java:645)
	at org.testng.internal.Invoker.invokeTestMethod(Invoker.java:851)
	at org.testng.internal.Invoker.invokeTestMethods(Invoker.java:1177)
	at org.testng.internal.TestMethodWorker.invokeTestMethods(TestMethodWorker.java:129)
	at org.testng.internal.TestMethodWorker.run(TestMethodWorker.java:112)
	at org.testng.TestRunner.privateRun(TestRunner.java:756)
	at org.testng.TestRunner.run(TestRunner.java:610)
	at org.testng.SuiteRunner.runTest(SuiteRunner.java:387)
	at org.testng.SuiteRunner.runSequentially(SuiteRunner.java:382)
	at org.testng.SuiteRunner.privateRun(SuiteRunner.java:340)
	at org.testng.SuiteRunner.run(SuiteRunner.java:289)
	at org.testng.SuiteRunnerWorker.runSuite(SuiteRunnerWorker.java:52)
	at org.testng.SuiteRunnerWorker.run(SuiteRunnerWorker.java:86)
	at org.testng.TestNG.runSuitesSequentially(TestNG.java:1293)
	at org.testng.TestNG.runSuitesLocally(TestNG.java:1218)
	at org.testng.TestNG.runSuites(TestNG.java:1133)
	at org.testng.TestNG.run(TestNG.java:1104)
	at org.testng.remote.AbstractRemoteTestNG.run(AbstractRemoteTestNG.java:114)
	at org.testng.remote.RemoteTestNG.initAndRun(RemoteTestNG.java:251)
	at org.testng.remote.RemoteTestNG.main(RemoteTestNG.java:77)
]]>
            </full-stacktrace>
          </exception> <!-- org.openqa.selenium.WebDriverException -->
          <reporter-output>
          </reporter-output>
        </test-method> <!-- frameitem -->
        <test-method status="PASS" signature="teardown()[pri:0, instance:com.pellu.invent.item.Itemmastertest@5442a311]" name="teardown" is-config="true" duration-ms="42" started-at="2018-11-15T12:22:59Z" finished-at="2018-11-15T12:22:59Z">
          <reporter-output>
          </reporter-output>
        </test-method> <!-- teardown -->
      </class> <!-- com.pellu.invent.item.Itemmastertest -->
    </test> <!-- Itemsmastertest -->
  </suite> <!-- Inventory -->
</testng-results>
