<?xml version="1.0" encoding="UTF-8"?>
<!-- Generated by org.testng.reporters.JUnitXMLReporter -->
<testsuite hostname="DESKTOP-KPGOHHF" ignored="6" name="Itemsmastertest" tests="3" failures="2" timestamp="15 Nov 2018 06:52:59 GMT" time="83.057" errors="0">
  <testcase name="invenlogin" time="0.201" classname="com.pellu.invent.item.Itemmastertest"/>
  <testcase name="frameitem" time="29.495" classname="com.pellu.invent.item.Itemmastertest">
    <failure type="org.openqa.selenium.WebDriverException" message="unknown error: Element &amp;lt;input type=&amp;quot;text&amp;quot; id=&amp;quot;ddl_MultiSupplier&amp;quot; readonly=&amp;quot;readonly&amp;quot; class=&amp;quot;form-control&amp;quot; onkeyup=&amp;quot;GetSearchSupplierNames()&amp;quot; placeholder=&amp;quot;Select&amp;quot; autocomplete=&amp;quot;off&amp;quot; style=&amp;quot;padding-left: 11px;margin-bottom: 1%;margin-left: -1%;&amp;quot;&amp;gt; is not clickable at point (842, 389). Other element would receive the click: &amp;lt;div class=&amp;quot;modal-footer&amp;quot;&amp;gt;...&amp;lt;/div&amp;gt;
  (Session info: chrome=70.0.3538.102)
  (Driver info: chromedriver=2.40.565498 (ea082db3280dd6843ebfb08a625e3eb905c4f5ab),platform=Windows NT 10.0.17134 x86_64) (WARNING: The server did not provide any stacktrace information)
Command duration or timeout: 54 milliseconds
Build info: version: &amp;apos;3.4.0&amp;apos;, revision: &amp;apos;unknown&amp;apos;, time: &amp;apos;unknown&amp;apos;
System info: host: &amp;apos;DESKTOP-KPGOHHF&amp;apos;, ip: &amp;apos;192.168.195.1&amp;apos;, os.name: &amp;apos;Windows 10&amp;apos;, os.arch: &amp;apos;amd64&amp;apos;, os.version: &amp;apos;10.0&amp;apos;, java.version: &amp;apos;1.8.0_144&amp;apos;
Driver info: org.openqa.selenium.chrome.ChromeDriver
Capabilities [{applicationCacheEnabled=false, rotatable=false, mobileEmulationEnabled=false, networkConnectionEnabled=false, chrome={chromedriverVersion=2.40.565498 (ea082db3280dd6843ebfb08a625e3eb905c4f5ab), userDataDir=C:\Users\VEERAP~1\AppData\Local\Temp\scoped_dir208_19832}, takesHeapSnapshot=true, pageLoadStrategy=normal, databaseEnabled=false, handlesAlerts=true, hasTouchScreen=false, version=70.0.3538.102, platform=XP, browserConnectionEnabled=false, nativeEvents=true, acceptSslCerts=false, acceptInsecureCerts=false, locationContextEnabled=true, webStorageEnabled=true, browserName=chrome, takesScreenshot=true, javascriptEnabled=true, cssSelectorsEnabled=true, setWindowRect=true, unexpectedAlertBehaviour=}]
Session ID: f931a9769cf2bb3538b9f138d3c41d3e">
      <![CDATA[org.openqa.selenium.WebDriverException: unknown error: Element <input type="text" id="ddl_MultiSupplier" readonly="readonly" class="form-control" onkeyup="GetSearchSupplierNames()" placeholder="Select" autocomplete="off" style="padding-left: 11px;margin-bottom: 1%;margin-left: -1%;"> is not clickable at point (842, 389). Other element would receive the click: <div class="modal-footer">...</div>
  (Session info: chrome=70.0.3538.102)
  (Driver info: chromedriver=2.40.565498 (ea082db3280dd6843ebfb08a625e3eb905c4f5ab),platform=Windows NT 10.0.17134 x86_64) (WARNING: The server did not provide any stacktrace information)
Command duration or timeout: 54 milliseconds
Build info: version: '3.4.0', revision: 'unknown', time: 'unknown'
System info: host: 'DESKTOP-KPGOHHF', ip: '192.168.195.1', os.name: 'Windows 10', os.arch: 'amd64', os.version: '10.0', java.version: '1.8.0_144'
Driver info: org.openqa.selenium.chrome.ChromeDriver
Capabilities [{applicationCacheEnabled=false, rotatable=false, mobileEmulationEnabled=false, networkConnectionEnabled=false, chrome={chromedriverVersion=2.40.565498 (ea082db3280dd6843ebfb08a625e3eb905c4f5ab), userDataDir=C:\Users\VEERAP~1\AppData\Local\Temp\scoped_dir208_19832}, takesHeapSnapshot=true, pageLoadStrategy=normal, databaseEnabled=false, handlesAlerts=true, hasTouchScreen=false, version=70.0.3538.102, platform=XP, browserConnectionEnabled=false, nativeEvents=true, acceptSslCerts=false, acceptInsecureCerts=false, locationContextEnabled=true, webStorageEnabled=true, browserName=chrome, takesScreenshot=true, javascriptEnabled=true, cssSelectorsEnabled=true, setWindowRect=true, unexpectedAlertBehaviour=}]
Session ID: f931a9769cf2bb3538b9f138d3c41d3e
	at org.openqa.selenium.remote.ErrorHandler.createThrowable(ErrorHandler.java:215)
	at org.openqa.selenium.remote.ErrorHandler.throwIfResponseFailed(ErrorHandler.java:167)
	at org.openqa.selenium.remote.RemoteWebDriver.execute(RemoteWebDriver.java:671)
	at org.openqa.selenium.remote.RemoteWebElement.execute(RemoteWebElement.java:272)
	at org.openqa.selenium.remote.RemoteWebElement.click(RemoteWebElement.java:82)
	at com.pellu.invent.itempage.Itemmastertestpage.additem_general_prefersupplier(Itemmastertestpage.java:125)
	at com.pellu.invent.item.Itemmastertest.Itemmastercommon(Itemmastertest.java:190)
	at com.pellu.invent.item.Itemmastertest.frameitem(Itemmastertest.java:29)
... Removed 29 stack frames]]>
    </failure>
  </testcase> <!-- frameitem -->
  <testcase name="frameitem" time="17.008" classname="com.pellu.invent.item.Itemmastertest">
    <failure type="org.openqa.selenium.WebDriverException" message="unknown error: Element &amp;lt;input type=&amp;quot;text&amp;quot; id=&amp;quot;Txt_WeightAge10&amp;quot; class=&amp;quot;&amp;quot; onkeydown=&amp;quot;return validatecontactno(event);&amp;quot;&amp;gt; is not clickable at point (934, 514). Other element would receive the click: &amp;lt;div class=&amp;quot;modal fade in&amp;quot; id=&amp;quot;basic&amp;quot; tabindex=&amp;quot;-1&amp;quot; role=&amp;quot;basic&amp;quot; aria-hidden=&amp;quot;true&amp;quot; style=&amp;quot;display: block;&amp;quot;&amp;gt;...&amp;lt;/div&amp;gt;
  (Session info: chrome=70.0.3538.102)
  (Driver info: chromedriver=2.40.565498 (ea082db3280dd6843ebfb08a625e3eb905c4f5ab),platform=Windows NT 10.0.17134 x86_64) (WARNING: The server did not provide any stacktrace information)
Command duration or timeout: 47 milliseconds
Build info: version: &amp;apos;3.4.0&amp;apos;, revision: &amp;apos;unknown&amp;apos;, time: &amp;apos;unknown&amp;apos;
System info: host: &amp;apos;DESKTOP-KPGOHHF&amp;apos;, ip: &amp;apos;192.168.195.1&amp;apos;, os.name: &amp;apos;Windows 10&amp;apos;, os.arch: &amp;apos;amd64&amp;apos;, os.version: &amp;apos;10.0&amp;apos;, java.version: &amp;apos;1.8.0_144&amp;apos;
Driver info: org.openqa.selenium.chrome.ChromeDriver
Capabilities [{applicationCacheEnabled=false, rotatable=false, mobileEmulationEnabled=false, networkConnectionEnabled=false, chrome={chromedriverVersion=2.40.565498 (ea082db3280dd6843ebfb08a625e3eb905c4f5ab), userDataDir=C:\Users\VEERAP~1\AppData\Local\Temp\scoped_dir12836_17801}, takesHeapSnapshot=true, pageLoadStrategy=normal, databaseEnabled=false, handlesAlerts=true, hasTouchScreen=false, version=70.0.3538.102, platform=XP, browserConnectionEnabled=false, nativeEvents=true, acceptSslCerts=false, acceptInsecureCerts=false, locationContextEnabled=true, webStorageEnabled=true, browserName=chrome, takesScreenshot=true, javascriptEnabled=true, cssSelectorsEnabled=true, setWindowRect=true, unexpectedAlertBehaviour=}]
Session ID: 32f1943e8ce28ad679df7c1f6013f93c">
      <![CDATA[org.openqa.selenium.WebDriverException: unknown error: Element <input type="text" id="Txt_WeightAge10" class="" onkeydown="return validatecontactno(event);"> is not clickable at point (934, 514). Other element would receive the click: <div class="modal fade in" id="basic" tabindex="-1" role="basic" aria-hidden="true" style="display: block;">...</div>
  (Session info: chrome=70.0.3538.102)
  (Driver info: chromedriver=2.40.565498 (ea082db3280dd6843ebfb08a625e3eb905c4f5ab),platform=Windows NT 10.0.17134 x86_64) (WARNING: The server did not provide any stacktrace information)
Command duration or timeout: 47 milliseconds
Build info: version: '3.4.0', revision: 'unknown', time: 'unknown'
System info: host: 'DESKTOP-KPGOHHF', ip: '192.168.195.1', os.name: 'Windows 10', os.arch: 'amd64', os.version: '10.0', java.version: '1.8.0_144'
Driver info: org.openqa.selenium.chrome.ChromeDriver
Capabilities [{applicationCacheEnabled=false, rotatable=false, mobileEmulationEnabled=false, networkConnectionEnabled=false, chrome={chromedriverVersion=2.40.565498 (ea082db3280dd6843ebfb08a625e3eb905c4f5ab), userDataDir=C:\Users\VEERAP~1\AppData\Local\Temp\scoped_dir12836_17801}, takesHeapSnapshot=true, pageLoadStrategy=normal, databaseEnabled=false, handlesAlerts=true, hasTouchScreen=false, version=70.0.3538.102, platform=XP, browserConnectionEnabled=false, nativeEvents=true, acceptSslCerts=false, acceptInsecureCerts=false, locationContextEnabled=true, webStorageEnabled=true, browserName=chrome, takesScreenshot=true, javascriptEnabled=true, cssSelectorsEnabled=true, setWindowRect=true, unexpectedAlertBehaviour=}]
Session ID: 32f1943e8ce28ad679df7c1f6013f93c
	at org.openqa.selenium.remote.ErrorHandler.createThrowable(ErrorHandler.java:215)
	at org.openqa.selenium.remote.ErrorHandler.throwIfResponseFailed(ErrorHandler.java:167)
	at org.openqa.selenium.remote.RemoteWebDriver.execute(RemoteWebDriver.java:671)
	at org.openqa.selenium.remote.RemoteWebElement.execute(RemoteWebElement.java:272)
	at org.openqa.selenium.remote.RemoteWebElement.click(RemoteWebElement.java:82)
	at com.pellu.invent.itempage.Itemmastertestpage.additem_general_prefersupplier(Itemmastertestpage.java:133)
	at com.pellu.invent.item.Itemmastertest.Itemmastercommon(Itemmastertest.java:190)
	at com.pellu.invent.item.Itemmastertest.frameitem(Itemmastertest.java:29)
... Removed 29 stack frames]]>
    </failure>
  </testcase> <!-- frameitem -->
  <testcase name="Othersitem" time="0.0" classname="com.pellu.invent.item.Itemmastertest">
    <ignored/>
  </testcase> <!-- Othersitem -->
  <testcase name="Contactlensitem" time="0.0" classname="com.pellu.invent.item.Itemmastertest">
    <ignored/>
  </testcase> <!-- Contactlensitem -->
  <testcase name="Sunglassitem" time="0.0" classname="com.pellu.invent.item.Itemmastertest">
    <ignored/>
  </testcase> <!-- Sunglassitem -->
  <testcase name="Spectacleitem" time="0.0" classname="com.pellu.invent.item.Itemmastertest">
    <ignored/>
  </testcase> <!-- Spectacleitem -->
  <testcase name="Fixedassetitem" time="0.0" classname="com.pellu.invent.item.Itemmastertest">
    <ignored/>
  </testcase> <!-- Fixedassetitem -->
  <testcase name="IOLitem" time="0.0" classname="com.pellu.invent.item.Itemmastertest">
    <ignored/>
  </testcase> <!-- IOLitem -->
</testsuite> <!-- Itemsmastertest -->
